============================================================
  Generated by:           Genus(TM) Synthesis Solution 22.15-s086_1
  Generated on:           Jul 30 2024  08:32:35 pm
  Module:                 syn_tle
  Technology library:     sky130_fd_sc_hs__tt_025C_1v80 1.0000000000
  Operating conditions:   typ 
  Interconnect mode:      global
  Area mode:              timing library
============================================================

                                                         
              Gate                Instances     Area                  Library             
------------------------------------------------------------------------------------------
sky130_fd_sc_hs__a21bo_4                536    11137.651    sky130_fd_sc_hs__tt_025C_1v80 
sky130_fd_sc_hs__a21o_2                2653    29683.886    sky130_fd_sc_hs__tt_025C_1v80 
sky130_fd_sc_hs__a21o_4                 195     3740.256    sky130_fd_sc_hs__tt_025C_1v80 
sky130_fd_sc_hs__and2b_4               1280    20459.520    sky130_fd_sc_hs__tt_025C_1v80 
sky130_fd_sc_hs__buf_16                   2       70.330    sky130_fd_sc_hs__tt_025C_1v80 
sky130_fd_sc_hs__clkbuf_8               256     4501.094    sky130_fd_sc_hs__tt_025C_1v80 
sky130_fd_sc_hs__clkdlyinv5sd2_1       2176    38259.300    sky130_fd_sc_hs__tt_025C_1v80 
sky130_fd_sc_hs__clkinv_1              5120    24551.424    sky130_fd_sc_hs__tt_025C_1v80 
sky130_fd_sc_hs__clkinv_4               512     5728.666    sky130_fd_sc_hs__tt_025C_1v80 
sky130_fd_sc_hs__dfxbp_2                  1       36.763    sky130_fd_sc_hs__tt_025C_1v80 
sky130_fd_sc_hs__dfxtp_1                  1       27.173    sky130_fd_sc_hs__tt_025C_1v80 
sky130_fd_sc_hs__dfxtp_4               4319   138069.792    sky130_fd_sc_hs__tt_025C_1v80 
sky130_fd_sc_hs__fa_2                 21984   667645.286    sky130_fd_sc_hs__tt_025C_1v80 
sky130_fd_sc_hs__ha_2                  2875    55144.797    sky130_fd_sc_hs__tt_025C_1v80 
sky130_fd_sc_hs__inv_8                   64      920.678    sky130_fd_sc_hs__tt_025C_1v80 
sky130_fd_sc_hs__maj3_1                1677    21444.134    sky130_fd_sc_hs__tt_025C_1v80 
sky130_fd_sc_hs__nand2_2                 24      191.808    sky130_fd_sc_hs__tt_025C_1v80 
sky130_fd_sc_hs__nand2_4                 24      345.254    sky130_fd_sc_hs__tt_025C_1v80 
sky130_fd_sc_hs__nand2b_1                 1        7.992    sky130_fd_sc_hs__tt_025C_1v80 
sky130_fd_sc_hs__nand2b_4                 1       19.181    sky130_fd_sc_hs__tt_025C_1v80 
sky130_fd_sc_hs__nand3b_1               125     1198.800    sky130_fd_sc_hs__tt_025C_1v80 
sky130_fd_sc_hs__nand3b_4                 3       76.723    sky130_fd_sc_hs__tt_025C_1v80 
sky130_fd_sc_hs__nor2_2                6144    49102.848    sky130_fd_sc_hs__tt_025C_1v80 
sky130_fd_sc_hs__nor2b_1               2621    20947.032    sky130_fd_sc_hs__tt_025C_1v80 
sky130_fd_sc_hs__nor3_2                   1       11.189    sky130_fd_sc_hs__tt_025C_1v80 
sky130_fd_sc_hs__nor3b_1                 49      469.930    sky130_fd_sc_hs__tt_025C_1v80 
sky130_fd_sc_hs__nor3b_4                 78     1994.803    sky130_fd_sc_hs__tt_025C_1v80 
sky130_fd_sc_hs__o21ai_1               1560    12467.520    sky130_fd_sc_hs__tt_025C_1v80 
sky130_fd_sc_hs__o21bai_1               512     4910.285    sky130_fd_sc_hs__tt_025C_1v80 
sky130_fd_sc_hs__o22ai_1              14336   137487.974    sky130_fd_sc_hs__tt_025C_1v80 
sky130_fd_sc_hs__or2_1                  853     6817.176    sky130_fd_sc_hs__tt_025C_1v80 
sky130_fd_sc_hs__sdlclkp_4                2       63.936    sky130_fd_sc_hs__tt_025C_1v80 
sky130_fd_sc_hs__xnor2_2              19652   345529.305    sky130_fd_sc_hs__tt_025C_1v80 
sky130_fd_sc_hs__xor2_1                 315     4027.968    sky130_fd_sc_hs__tt_025C_1v80 
------------------------------------------------------------------------------------------
total                                 89952  1607090.476                                  


                                                          
            Type             Instances     Area    Area % 
----------------------------------------------------------
sequential                        4321  138133.728    8.6 
inverter                          7872   69460.068    4.3 
buffer                             258    4571.424    0.3 
clock_gating_integrated_cell         2      63.936    0.0 
logic                            77499 1394861.320   86.8 
physical_cells                       0       0.000    0.0 
----------------------------------------------------------
total                            89952 1607090.476  100.0 

