============================================================
  Generated by:           Genus(TM) Synthesis Solution 22.15-s086_1
  Generated on:           Jul 31 2024  12:52:41 am
  Module:                 syn_tle
  Technology library:     sky130_fd_sc_hs__tt_025C_1v80 1.0000000000
  Operating conditions:   typ 
  Interconnect mode:      global
  Area mode:              timing library
============================================================

                                                   
           Gate             Instances     Area                  Library             
------------------------------------------------------------------------------------
sky130_fd_sc_hs__a21bo_4          512    10638.950    sky130_fd_sc_hs__tt_025C_1v80 
sky130_fd_sc_hs__a21o_2          2304    25778.995    sky130_fd_sc_hs__tt_025C_1v80 
sky130_fd_sc_hs__a21o_4          2784    53399.344    sky130_fd_sc_hs__tt_025C_1v80 
sky130_fd_sc_hs__a31oi_2           64      920.678    sky130_fd_sc_hs__tt_025C_1v80 
sky130_fd_sc_hs__and2_2            64      511.488    sky130_fd_sc_hs__tt_025C_1v80 
sky130_fd_sc_hs__and2b_1           64      716.083    sky130_fd_sc_hs__tt_025C_1v80 
sky130_fd_sc_hs__clkbuf_16          2       63.936    sky130_fd_sc_hs__tt_025C_1v80 
sky130_fd_sc_hs__clkbuf_8         256     4501.094    sky130_fd_sc_hs__tt_025C_1v80 
sky130_fd_sc_hs__clkinv_1        2176    10434.355    sky130_fd_sc_hs__tt_025C_1v80 
sky130_fd_sc_hs__clkinv_4        4032    45113.242    sky130_fd_sc_hs__tt_025C_1v80 
sky130_fd_sc_hs__dfxtp_4         8036   256894.848    sky130_fd_sc_hs__tt_025C_1v80 
sky130_fd_sc_hs__fa_1              32      920.678    sky130_fd_sc_hs__tt_025C_1v80 
sky130_fd_sc_hs__fa_2           21088   640434.125    sky130_fd_sc_hs__tt_025C_1v80 
sky130_fd_sc_hs__ha_2            2880    55240.701    sky130_fd_sc_hs__tt_025C_1v80 
sky130_fd_sc_hs__maj3_1          1824    23323.853    sky130_fd_sc_hs__tt_025C_1v80 
sky130_fd_sc_hs__nand2_1           64      306.893    sky130_fd_sc_hs__tt_025C_1v80 
sky130_fd_sc_hs__nand2_2          992     7928.064    sky130_fd_sc_hs__tt_025C_1v80 
sky130_fd_sc_hs__nand2_4         1632    23477.299    sky130_fd_sc_hs__tt_025C_1v80 
sky130_fd_sc_hs__nand2b_4         195     3740.256    sky130_fd_sc_hs__tt_025C_1v80 
sky130_fd_sc_hs__nand3b_4         256     6547.046    sky130_fd_sc_hs__tt_025C_1v80 
sky130_fd_sc_hs__nor2_2          4670    37322.640    sky130_fd_sc_hs__tt_025C_1v80 
sky130_fd_sc_hs__nor2_4             2       28.771    sky130_fd_sc_hs__tt_025C_1v80 
sky130_fd_sc_hs__nor2b_1         5187    41454.504    sky130_fd_sc_hs__tt_025C_1v80 
sky130_fd_sc_hs__nor2b_4         1280    22505.471    sky130_fd_sc_hs__tt_025C_1v80 
sky130_fd_sc_hs__nor3b_1          128     1227.571    sky130_fd_sc_hs__tt_025C_1v80 
sky130_fd_sc_hs__nor3b_4          128     3273.523    sky130_fd_sc_hs__tt_025C_1v80 
sky130_fd_sc_hs__o21ai_1          160     1278.720    sky130_fd_sc_hs__tt_025C_1v80 
sky130_fd_sc_hs__o21ai_2           32      358.042    sky130_fd_sc_hs__tt_025C_1v80 
sky130_fd_sc_hs__o21bai_1        2176    20868.710    sky130_fd_sc_hs__tt_025C_1v80 
sky130_fd_sc_hs__o22ai_1        14336   137487.974    sky130_fd_sc_hs__tt_025C_1v80 
sky130_fd_sc_hs__or2_1           1379    11020.968    sky130_fd_sc_hs__tt_025C_1v80 
sky130_fd_sc_hs__sdlclkp_4          3       95.904    sky130_fd_sc_hs__tt_025C_1v80 
sky130_fd_sc_hs__xnor2_1          416     4654.541    sky130_fd_sc_hs__tt_025C_1v80 
sky130_fd_sc_hs__xnor2_2        17760   312263.406    sky130_fd_sc_hs__tt_025C_1v80 
sky130_fd_sc_hs__xor2_1           384     4910.285    sky130_fd_sc_hs__tt_025C_1v80 
------------------------------------------------------------------------------------
total                           97298  1769642.960                                  


                                                          
            Type             Instances     Area    Area % 
----------------------------------------------------------
sequential                        8036  256894.848   14.5 
inverter                          6208   55547.597    3.1 
buffer                             258    4565.030    0.3 
clock_gating_integrated_cell         3      95.904    0.0 
logic                            82793 1452539.582   82.1 
physical_cells                       0       0.000    0.0 
----------------------------------------------------------
total                            97298 1769642.960  100.0 

