============================================================
  Generated by:           Genus(TM) Synthesis Solution 22.15-s086_1
  Generated on:           Jul 31 2024  12:52:39 am
  Module:                 syn_tle
  Technology library:     sky130_fd_sc_hs__tt_025C_1v80 1.0000000000
  Operating conditions:   typ 
  Interconnect mode:      global
  Area mode:              timing library
============================================================

                Pin                                Type              Fanout Load Slew Delay Arrival   
                                                                            (fF) (ps)  (ps)   (ps)    
------------------------------------------------------------------------------------------------------
(clock CLK_IN)                            launch                                                  0 R 
mma
  gen_tree_adder_gen_column_block_3_gen_row_block_4_tree_add
    gen_layer_1_binary_tree_adder_layer
      genblk1_1_add
        retime_s1_1426_reg/CLK                                                   2000    +0       0 R 
        retime_s1_1426_reg/Q              sky130_fd_sc_hs__dfxtp_4       18 88.9   94  +362     362 F 
        g851/A1                                                                          +0     362   
        g851/X                            sky130_fd_sc_hs__a21o_4         2  9.9   36  +174     537 F 
      genblk1_1_add/sum[2] 
    gen_layer_1_binary_tree_adder_layer/outputs[1][2] 
    gen_layer_2_binary_tree_adder_layer/inputs[1][2] 
      genblk1_0_add/b[2] 
        add_9_17_g1889/A                                                                 +0     537   
        add_9_17_g1889/X                  sky130_fd_sc_hs__or2_1          2 13.2   66  +161     698 F 
        add_9_17_g1842/B                                                                 +0     698   
        add_9_17_g1842/Y                  sky130_fd_sc_hs__nand2_1        1  4.1   48   +60     757 R 
        add_9_17_g2/A                                                                    +0     757   
        add_9_17_g2/X                     sky130_fd_sc_hs__and2_2         2 12.3   57  +102     859 R 
        add_9_17_g1837/A2                                                                +0     859   
        add_9_17_g1837/Y                  sky130_fd_sc_hs__o21ai_2        2 12.2   56   +60     919 F 
        add_9_17_g1836/A                                                                 +0     919   
        add_9_17_g1836/Y                  sky130_fd_sc_hs__nand2_2        1  9.7   58   +60     979 R 
        add_9_17_g1834/A                                                                 +0     979   
        add_9_17_g1834/Y                  sky130_fd_sc_hs__nand2_4        2 12.2   37   +43    1021 F 
        add_9_17_g1833/A                                                                 +0    1021   
        add_9_17_g1833/Y                  sky130_fd_sc_hs__nand2_2        1  9.7   58   +52    1074 R 
        add_9_17_g1831/A                                                                 +0    1074   
        add_9_17_g1831/Y                  sky130_fd_sc_hs__nand2_4        2 12.2   37   +43    1116 F 
        add_9_17_g1830/A                                                                 +0    1116   
        add_9_17_g1830/Y                  sky130_fd_sc_hs__nand2_2        1  9.7   58   +52    1169 R 
        add_9_17_g1828/A                                                                 +0    1169   
        add_9_17_g1828/Y                  sky130_fd_sc_hs__nand2_4        2 15.8   42   +47    1216 F 
        add_9_17_g1827/A                                                                 +0    1216   
        add_9_17_g1827/Y                  sky130_fd_sc_hs__nand2_2        1  9.7   58   +54    1271 R 
        add_9_17_g1825/A                                                                 +0    1271   
        add_9_17_g1825/Y                  sky130_fd_sc_hs__nand2_4        2 15.8   42   +47    1318 F 
        add_9_17_g1824/A                                                                 +0    1318   
        add_9_17_g1824/Y                  sky130_fd_sc_hs__nand2_2        1  9.7   58   +54    1373 R 
        add_9_17_g1822/A                                                                 +0    1373   
        add_9_17_g1822/Y                  sky130_fd_sc_hs__nand2_4        2 15.8   42   +47    1420 F 
        add_9_17_g1821/A                                                                 +0    1420   
        add_9_17_g1821/Y                  sky130_fd_sc_hs__nand2_2        1  9.7   58   +54    1475 R 
        add_9_17_g1819/A                                                                 +0    1475   
        add_9_17_g1819/Y                  sky130_fd_sc_hs__nand2_4        2 18.7   50   +51    1526 F 
        add_9_17_g1818/A                                                                 +0    1526   
        add_9_17_g1818/Y                  sky130_fd_sc_hs__nand2_4        1  9.7   75   +67    1593 R 
        add_9_17_g1816/A                                                                 +0    1593   
        add_9_17_g1816/Y                  sky130_fd_sc_hs__nand2_4        1  9.3   36   +41    1634 F 
        g1894/CIN                                                                        +0    1634   
        g1894/COUT                        sky130_fd_sc_hs__fa_1           1  9.4   74  +211    1845 F 
        g1893/CIN                                                                        +0    1845   
        g1893/COUT                        sky130_fd_sc_hs__fa_2           1  9.4   57  +240    2085 F 
        add_9_17_g1809/CIN                                                               +0    2085   
        add_9_17_g1809/COUT               sky130_fd_sc_hs__fa_2           1  9.4   57  +234    2319 F 
        add_9_17_g1808/CIN                                                               +0    2320   
        add_9_17_g1808/COUT               sky130_fd_sc_hs__fa_2           1  9.4   57  +234    2554 F 
        add_9_17_g1807/CIN                                                               +0    2554   
        add_9_17_g1807/COUT               sky130_fd_sc_hs__fa_2           2 12.2   64  +243    2798 F 
        add_9_17_g1806/A                                                                 +0    2798   
        add_9_17_g1806/Y                  sky130_fd_sc_hs__nand2_2        2 12.9   69   +71    2868 R 
        add_9_17_g1803/A1                                                                +0    2868   
        add_9_17_g1803/Y                  sky130_fd_sc_hs__a31oi_2        1  6.2   64   +69    2938 F 
        add_9_17_g1800/B                                                                 +0    2938   
        add_9_17_g1800/Y                  sky130_fd_sc_hs__xnor2_1        3 15.2  111  +162    3099 F 
        g2/A_N                                                                           +0    3099   
        g2/Y                              sky130_fd_sc_hs__nand3b_4      19 70.3  282  +284    3384 F 
        g916/A1                                                                          +0    3384   
        g916/X                            sky130_fd_sc_hs__a21o_4         1  6.6   31  +224    3608 F 
      genblk1_0_add/sum[0] 
    gen_layer_2_binary_tree_adder_layer/outputs[0][0] 
    gen_layer_3_binary_tree_adder_layer/inputs[0][0] 
      genblk1_0_add/a[0] 
        add_9_17_g2751/B                                                                 +0    3608   
        add_9_17_g2751/COUT               sky130_fd_sc_hs__ha_2           1  9.4   38  +120    3728 F 
        add_9_17_g2750/CIN                                                               +0    3728   
        add_9_17_g2750/COUT               sky130_fd_sc_hs__fa_2           1  9.4   57  +229    3957 F 
        add_9_17_g2749/CIN                                                               +0    3957   
        add_9_17_g2749/COUT               sky130_fd_sc_hs__fa_2           1  9.4   57  +234    4192 F 
        add_9_17_g2748/CIN                                                               +0    4192   
        add_9_17_g2748/COUT               sky130_fd_sc_hs__fa_2           1  9.4   57  +234    4426 F 
        add_9_17_g2747/CIN                                                               +0    4426   
        add_9_17_g2747/COUT               sky130_fd_sc_hs__fa_2           1  9.4   57  +234    4661 F 
        add_9_17_g2746/CIN                                                               +0    4661   
        add_9_17_g2746/COUT               sky130_fd_sc_hs__fa_2           1  9.4   57  +234    4896 F 
        add_9_17_g2745/CIN                                                               +0    4896   
        add_9_17_g2745/COUT               sky130_fd_sc_hs__fa_2           1  9.4   57  +234    5130 F 
        add_9_17_g2744/CIN                                                               +0    5130   
        add_9_17_g2744/COUT               sky130_fd_sc_hs__fa_2           1  9.4   57  +234    5365 F 
        add_9_17_g2743/CIN                                                               +0    5365   
        add_9_17_g2743/COUT               sky130_fd_sc_hs__fa_2           1  9.4   57  +234    5599 F 
        add_9_17_g2742/CIN                                                               +0    5600   
        add_9_17_g2742/COUT               sky130_fd_sc_hs__fa_2           1  9.4   57  +234    5834 F 
        add_9_17_g2741/CIN                                                               +0    5834   
        add_9_17_g2741/COUT               sky130_fd_sc_hs__fa_2           1  9.4   57  +234    6069 F 
        add_9_17_g2740/CIN                                                               +0    6069   
        add_9_17_g2740/COUT               sky130_fd_sc_hs__fa_2           1  9.4   57  +234    6303 F 
        add_9_17_g2739/CIN                                                               +0    6303   
        add_9_17_g2739/COUT               sky130_fd_sc_hs__fa_2           1  9.4   57  +234    6538 F 
        add_9_17_g2738/CIN                                                               +0    6538   
        add_9_17_g2738/COUT               sky130_fd_sc_hs__fa_2           1  9.4   57  +234    6772 F 
        add_9_17_g2737/CIN                                                               +0    6772   
        add_9_17_g2737/COUT               sky130_fd_sc_hs__fa_2           1  9.4   57  +234    7007 F 
        add_9_17_g2736/CIN                                                               +0    7007   
        add_9_17_g2736/COUT               sky130_fd_sc_hs__fa_2           1  9.4   57  +234    7242 F 
        add_9_17_g2735/CIN                                                               +0    7242   
        add_9_17_g2735/COUT               sky130_fd_sc_hs__fa_2           1  9.4   57  +234    7476 F 
        add_9_17_g2734/CIN                                                               +0    7476   
        add_9_17_g2734/COUT               sky130_fd_sc_hs__fa_2           2 15.4   72  +252    7729 F 
        add_9_17_g2732/B                                                                 +0    7729   
        add_9_17_g2732/X                  sky130_fd_sc_hs__maj3_1         1  3.3   39  +156    7885 F 
        add_9_17_retime_s3_5_reg/D   <<<  sky130_fd_sc_hs__dfxtp_4                       +0    7885   
        add_9_17_retime_s3_5_reg/CLK      setup                                  2000  +114    7999 R 
- - - - - - - - - - - - - - - - - - - - - - - - - - - - - - - - - - - - - - - - - - - - - - - - - - - 
(clock CLK_IN)                            capture                                             10000 R 
                                          uncertainty                                 -2000    8000 R 
------------------------------------------------------------------------------------------------------
Cost Group   : 'CLK_IN' (path_group 'CLK_IN')
Timing slack :       1ps 
Start-point  : mma/gen_tree_adder_gen_column_block_3_gen_row_block_4_tree_add/gen_layer_1_binary_tree_adder_layer/genblk1_1_add/retime_s1_1426_reg/CLK
End-point    : mma/gen_tree_adder_gen_column_block_3_gen_row_block_4_tree_add/gen_layer_3_binary_tree_adder_layer/genblk1_0_add/add_9_17_retime_s3_5_reg/D

